2021-02-01 01:02:26 base_page.py[line:23] INFO find:
2021-02-01 01:02:26 base_page.py[line:24] INFO xpath
2021-02-01 01:02:26 base_page.py[line:25] INFO //*[@text='通讯录']
2021-02-01 01:02:29 base_page.py[line:23] INFO find:
2021-02-01 01:02:29 base_page.py[line:24] INFO xpath
2021-02-01 01:02:29 base_page.py[line:25] INFO //android.widget.RelativeLayout/android.widget.LinearLayout[2]/android.widget.RelativeLayout[1]/android.widget.TextView
2021-02-01 01:02:32 base_page.py[line:22] INFO find:
2021-02-01 01:02:32 base_page.py[line:23] INFO xpath
2021-02-01 01:02:32 base_page.py[line:24] INFO //*[@text='搜索']
2021-02-01 01:02:36 base_page.py[line:22] INFO find:
2021-02-01 01:02:36 base_page.py[line:23] INFO id
2021-02-01 01:02:36 base_page.py[line:24] INFO com.tencent.wework:id/ie0
2021-02-01 01:02:36 base_page.py[line:22] INFO find:
2021-02-01 01:02:36 base_page.py[line:23] INFO xpath
2021-02-01 01:02:36 base_page.py[line:24] INFO //*[@text='编辑成员']
2021-02-01 01:02:37 base_page.py[line:32] INFO find_by_scroll
2021-02-01 01:02:37 base_page.py[line:33] INFO 删除成员
2021-02-01 01:02:39 base_page.py[line:22] INFO find:
2021-02-01 01:02:39 base_page.py[line:23] INFO xpath
2021-02-01 01:02:39 base_page.py[line:24] INFO //*[@text='确定']
2021-02-01 01:02:42 base_page.py[line:23] INFO find:
2021-02-01 01:02:42 base_page.py[line:24] INFO xpath
2021-02-01 01:02:42 base_page.py[line:25] INFO //*[@text='通讯录']
2021-02-01 01:02:45 base_page.py[line:23] INFO find:
2021-02-01 01:02:45 base_page.py[line:24] INFO xpath
2021-02-01 01:02:45 base_page.py[line:25] INFO //android.widget.RelativeLayout/android.widget.LinearLayout[2]/android.widget.RelativeLayout[1]/android.widget.TextView
2021-02-01 01:02:48 base_page.py[line:22] INFO find:
2021-02-01 01:02:48 base_page.py[line:23] INFO xpath
2021-02-01 01:02:48 base_page.py[line:24] INFO //*[@text='搜索']
2021-02-01 01:02:51 base_page.py[line:22] INFO find:
2021-02-01 01:02:51 base_page.py[line:23] INFO id
2021-02-01 01:02:51 base_page.py[line:24] INFO com.tencent.wework:id/ie0
2021-02-01 01:02:51 base_page.py[line:22] INFO find:
2021-02-01 01:02:51 base_page.py[line:23] INFO xpath
2021-02-01 01:02:51 base_page.py[line:24] INFO //*[@text='编辑成员']
2021-02-01 01:02:52 base_page.py[line:32] INFO find_by_scroll
2021-02-01 01:02:52 base_page.py[line:33] INFO 删除成员
2021-02-01 01:02:53 base_page.py[line:22] INFO find:
2021-02-01 01:02:53 base_page.py[line:23] INFO xpath
2021-02-01 01:02:53 base_page.py[line:24] INFO //*[@text='确定']
2021-02-01 01:02:56 base_page.py[line:23] INFO find:
2021-02-01 01:02:56 base_page.py[line:24] INFO xpath
2021-02-01 01:02:56 base_page.py[line:25] INFO //*[@text='通讯录']
2021-02-01 01:02:59 base_page.py[line:23] INFO find:
2021-02-01 01:02:59 base_page.py[line:24] INFO xpath
2021-02-01 01:02:59 base_page.py[line:25] INFO //android.widget.RelativeLayout/android.widget.LinearLayout[2]/android.widget.RelativeLayout[1]/android.widget.TextView
2021-02-01 01:03:01 base_page.py[line:22] INFO find:
2021-02-01 01:03:01 base_page.py[line:23] INFO xpath
2021-02-01 01:03:01 base_page.py[line:24] INFO //*[@text='搜索']
2021-02-01 01:03:04 base_page.py[line:22] INFO find:
2021-02-01 01:03:04 base_page.py[line:23] INFO id
2021-02-01 01:03:04 base_page.py[line:24] INFO com.tencent.wework:id/ie0
2021-02-01 01:03:05 base_page.py[line:22] INFO find:
2021-02-01 01:03:05 base_page.py[line:23] INFO xpath
2021-02-01 01:03:05 base_page.py[line:24] INFO //*[@text='编辑成员']
2021-02-01 01:03:06 base_page.py[line:32] INFO find_by_scroll
2021-02-01 01:03:06 base_page.py[line:33] INFO 删除成员
2021-02-01 01:03:08 base_page.py[line:22] INFO find:
2021-02-01 01:03:08 base_page.py[line:23] INFO xpath
2021-02-01 01:03:08 base_page.py[line:24] INFO //*[@text='确定']
