2021-01-31 17:09:18 base_page.py[line:22] INFO find:
2021-01-31 17:09:18 base_page.py[line:23] INFO xpath
2021-01-31 17:09:18 base_page.py[line:24] INFO //*[@text='通讯录']
2021-01-31 17:09:22 base_page.py[line:32] INFO find_by_scroll
2021-01-31 17:09:22 base_page.py[line:33] INFO 添加成员
2021-01-31 17:09:24 base_page.py[line:22] INFO find:
2021-01-31 17:09:24 base_page.py[line:23] INFO xpath
2021-01-31 17:09:24 base_page.py[line:24] INFO //*[@text='手动输入添加']
2021-01-31 17:09:24 base_page.py[line:22] INFO find:
2021-01-31 17:09:24 base_page.py[line:23] INFO xpath
2021-01-31 17:09:24 base_page.py[line:24] INFO //*[contains(@text, "姓名")]/../android.widget.EditText
2021-01-31 17:09:25 base_page.py[line:22] INFO find:
2021-01-31 17:09:25 base_page.py[line:23] INFO xpath
2021-01-31 17:09:25 base_page.py[line:24] INFO //*[@text='性别']/..//*[@text='男']
2021-01-31 17:09:26 base_page.py[line:22] INFO find:
2021-01-31 17:09:26 base_page.py[line:23] INFO xpath
2021-01-31 17:09:26 base_page.py[line:24] INFO //*[@text='女']
2021-01-31 17:09:27 base_page.py[line:22] INFO find:
2021-01-31 17:09:27 base_page.py[line:23] INFO xpath
2021-01-31 17:09:27 base_page.py[line:24] INFO //*[@text='手机号']
2021-01-31 17:09:28 base_page.py[line:22] INFO find:
2021-01-31 17:09:28 base_page.py[line:23] INFO xpath
2021-01-31 17:09:28 base_page.py[line:24] INFO //*[@text='保存']
2021-01-31 17:09:29 base_page.py[line:41] INFO get toast:
2021-01-31 17:09:29 base_page.py[line:22] INFO find:
2021-01-31 17:09:29 base_page.py[line:23] INFO xpath
2021-01-31 17:09:29 base_page.py[line:24] INFO //*[@class='android.widget.Toast']
2021-01-31 17:09:31 base_page.py[line:43] INFO 添加成功
2021-01-31 17:09:32 base_page.py[line:22] INFO find:
2021-01-31 17:09:32 base_page.py[line:23] INFO xpath
2021-01-31 17:09:32 base_page.py[line:24] INFO //*[@text='通讯录']
2021-01-31 17:09:35 base_page.py[line:22] INFO find:
2021-01-31 17:09:35 base_page.py[line:23] INFO xpath
2021-01-31 17:09:35 base_page.py[line:24] INFO //android.widget.RelativeLayout/android.widget.LinearLayout[2]/android.widget.RelativeLayout[1]/android.widget.TextView
2021-01-31 17:09:38 base_page.py[line:22] INFO find:
2021-01-31 17:09:38 base_page.py[line:23] INFO xpath
2021-01-31 17:09:38 base_page.py[line:24] INFO //*[@text='搜索']
2021-01-31 17:09:42 base_page.py[line:22] INFO find:
2021-01-31 17:09:42 base_page.py[line:23] INFO id
2021-01-31 17:09:42 base_page.py[line:24] INFO com.tencent.wework:id/ie0
2021-01-31 17:09:42 base_page.py[line:22] INFO find:
2021-01-31 17:09:42 base_page.py[line:23] INFO xpath
2021-01-31 17:09:42 base_page.py[line:24] INFO //*[@text='编辑成员']
2021-01-31 17:09:42 base_page.py[line:32] INFO find_by_scroll
2021-01-31 17:09:42 base_page.py[line:33] INFO 删除成员
2021-01-31 17:09:44 base_page.py[line:22] INFO find:
2021-01-31 17:09:44 base_page.py[line:23] INFO xpath
2021-01-31 17:09:44 base_page.py[line:24] INFO //*[@text='确定']
